2025-10-31 16:32:34 [::1][-][1b976eeac5b9cad7f147057775432926][error][yii\web\HttpException:404] yii\base\InvalidRouteException: Unable to resolve the request: site/register.html in C:\wamp64\www\projeto\vendor\yiisoft\yii2\base\Controller.php:155
Stack trace:
#0 C:\wamp64\www\projeto\vendor\yiisoft\yii2\base\Module.php(555): yii\base\Controller->runAction('register.html', Array)
#1 C:\wamp64\www\projeto\vendor\yiisoft\yii2\web\Application.php(103): yii\base\Module->runAction('site/register.h...', Array)
#2 C:\wamp64\www\projeto\vendor\yiisoft\yii2\base\Application.php(387): yii\web\Application->handleRequest(Object(yii\web\Request))
#3 C:\wamp64\www\projeto\backend\web\index.php(18): yii\base\Application->run()
#4 {main}

Next yii\web\NotFoundHttpException: Page not found. in C:\wamp64\www\projeto\vendor\yiisoft\yii2\web\Application.php:115
Stack trace:
#0 C:\wamp64\www\projeto\vendor\yiisoft\yii2\base\Application.php(387): yii\web\Application->handleRequest(Object(yii\web\Request))
#1 C:\wamp64\www\projeto\backend\web\index.php(18): yii\base\Application->run()
#2 {main}
2025-10-31 16:32:34 [::1][-][1b976eeac5b9cad7f147057775432926][info][application] $_GET = []

$_POST = []

$_FILES = []

$_COOKIE = [
    'advanced-frontend' => '78d21f32db4f28679741ca55f1182e5b'
    'advanced-backend' => '1b976eeac5b9cad7f147057775432926'
    '_csrf-frontend' => '9a8b6bc906edcde2604d893195935f3d5989412e68624592a3ca25060517c749a:2:{i:0;s:14:\"_csrf-frontend\";i:1;s:32:\"GQYYFTFb83dxOPghYYyUz4L3yHe8FWFr\";}'
    'PHPSESSID' => '19b5698e2c00160232d1c24abefd5050'
    '_csrf-backend' => '2fb1f6885e9d449d19719c7e37f48a13c11784afa615461fbc823339ade3e54fa:2:{i:0;s:13:\"_csrf-backend\";i:1;s:32:\"J2m0M-5RZ7og9gLyfyMAMF8Tn3sS2cjt\";}'
]

$_SESSION = [
    '__flash' => []
    '__returnUrl' => 'http://localhost/projeto/backend/web/'
]

$_SERVER = [
    'REDIRECT_STATUS' => '200'
    'HTTP_HOST' => 'localhost'
    'HTTP_CONNECTION' => 'keep-alive'
    'HTTP_SEC_CH_UA' => '\"Google Chrome\";v=\"141\", \"Not?A_Brand\";v=\"8\", \"Chromium\";v=\"141\"'
    'HTTP_SEC_CH_UA_MOBILE' => '?0'
    'HTTP_SEC_CH_UA_PLATFORM' => '\"Windows\"'
    'HTTP_UPGRADE_INSECURE_REQUESTS' => '1'
    'HTTP_USER_AGENT' => 'Mozilla/5.0 (Windows NT 10.0; Win64; x64) AppleWebKit/537.36 (KHTML, like Gecko) Chrome/141.0.0.0 Safari/537.36'
    'HTTP_ACCEPT' => 'text/html,application/xhtml+xml,application/xml;q=0.9,image/avif,image/webp,image/apng,*/*;q=0.8,application/signed-exchange;v=b3;q=0.7'
    'HTTP_SEC_FETCH_SITE' => 'same-origin'
    'HTTP_SEC_FETCH_MODE' => 'navigate'
    'HTTP_SEC_FETCH_USER' => '?1'
    'HTTP_SEC_FETCH_DEST' => 'document'
    'HTTP_REFERER' => 'http://localhost/projeto/backend/web/site/login'
    'HTTP_ACCEPT_ENCODING' => 'gzip, deflate, br, zstd'
    'HTTP_ACCEPT_LANGUAGE' => 'pt-PT,pt;q=0.9,en-US;q=0.8,en;q=0.7'
    'HTTP_COOKIE' => 'advanced-frontend=78d21f32db4f28679741ca55f1182e5b; advanced-backend=1b976eeac5b9cad7f147057775432926; _csrf-frontend=9a8b6bc906edcde2604d893195935f3d5989412e68624592a3ca25060517c749a%3A2%3A%7Bi%3A0%3Bs%3A14%3A%22_csrf-frontend%22%3Bi%3A1%3Bs%3A32%3A%22GQYYFTFb83dxOPghYYyUz4L3yHe8FWFr%22%3B%7D; PHPSESSID=19b5698e2c00160232d1c24abefd5050; _csrf-backend=2fb1f6885e9d449d19719c7e37f48a13c11784afa615461fbc823339ade3e54fa%3A2%3A%7Bi%3A0%3Bs%3A13%3A%22_csrf-backend%22%3Bi%3A1%3Bs%3A32%3A%22J2m0M-5RZ7og9gLyfyMAMF8Tn3sS2cjt%22%3B%7D'
    'PATH' => 'C:\\Program Files (x86)\\VMware\\VMware Workstation\\bin\\;C:\\Program Files (x86)\\Common Files\\Oracle\\Java\\java8path;C:\\Program Files (x86)\\Common Files\\Oracle\\Java\\javapath;C:\\WINDOWS\\system32;C:\\WINDOWS;C:\\WINDOWS\\System32\\Wbem;C:\\WINDOWS\\System32\\WindowsPowerShell\\v1.0\\;C:\\WINDOWS\\System32\\OpenSSH\\;C:\\Program Files\\dotnet\\;C:\\Program Files\\Git\\cmd;C:\\Program Files\\nodejs\\;C:\\wamp64\\bin\\php\\php8.1.31;C:\\Program Files\\Microsoft SQL Server\\150\\Tools\\Binn\\;C:\\Program Files\\Microsoft SQL Server\\Client SDK\\ODBC\\170\\Tools\\Binn\\;C:\\Program Files (x86)\\Windows Kits\\10\\Windows Performance Toolkit\\;C:\\Program Files (x86)\\dotnet\\;C:\\ProgramData\\ComposerSetup\\bin;C:\\TDM-GCC-64\\bin;C:\\WINDOWS\\system32\\config\\systemprofile\\AppData\\Local\\Microsoft\\WindowsApps'
    'SystemRoot' => 'C:\\WINDOWS'
    'COMSPEC' => 'C:\\WINDOWS\\system32\\cmd.exe'
    'PATHEXT' => '.COM;.EXE;.BAT;.CMD;.VBS;.VBE;.JS;.JSE;.WSF;.WSH;.MSC'
    'WINDIR' => 'C:\\WINDOWS'
    'SERVER_SIGNATURE' => '<address>Apache/2.4.62 (Win64) PHP/8.4.13 mod_fcgid/2.3.10-dev Server at localhost Port 80</address>
'
    'SERVER_SOFTWARE' => 'Apache/2.4.62 (Win64) PHP/8.4.13 mod_fcgid/2.3.10-dev'
    'SERVER_NAME' => 'localhost'
    'SERVER_ADDR' => '::1'
    'SERVER_PORT' => '80'
    'REMOTE_ADDR' => '::1'
    'DOCUMENT_ROOT' => 'C:/wamp64/www'
    'REQUEST_SCHEME' => 'http'
    'CONTEXT_PREFIX' => ''
    'CONTEXT_DOCUMENT_ROOT' => 'C:/wamp64/www'
    'SERVER_ADMIN' => 'wampserver@wampserver.invalid'
    'SCRIPT_FILENAME' => 'C:/wamp64/www/projeto/backend/web/index.php'
    'REMOTE_PORT' => '63228'
    'REDIRECT_URL' => '/projeto/backend/web/site/register.html'
    'GATEWAY_INTERFACE' => 'CGI/1.1'
    'SERVER_PROTOCOL' => 'HTTP/1.1'
    'REQUEST_METHOD' => 'GET'
    'QUERY_STRING' => ''
    'REQUEST_URI' => '/projeto/backend/web/site/register.html'
    'SCRIPT_NAME' => '/projeto/backend/web/index.php'
    'PHP_SELF' => '/projeto/backend/web/index.php'
    'REQUEST_TIME_FLOAT' => 1761928354.302
    'REQUEST_TIME' => 1761928354
]
2025-10-31 16:33:47 [::1][-][1b976eeac5b9cad7f147057775432926][error][yii\web\HttpException:404] yii\base\InvalidRouteException: Unable to resolve the request: site/register.html in C:\wamp64\www\projeto\vendor\yiisoft\yii2\base\Controller.php:155
Stack trace:
#0 C:\wamp64\www\projeto\vendor\yiisoft\yii2\base\Module.php(555): yii\base\Controller->runAction('register.html', Array)
#1 C:\wamp64\www\projeto\vendor\yiisoft\yii2\web\Application.php(103): yii\base\Module->runAction('site/register.h...', Array)
#2 C:\wamp64\www\projeto\vendor\yiisoft\yii2\base\Application.php(387): yii\web\Application->handleRequest(Object(yii\web\Request))
#3 C:\wamp64\www\projeto\backend\web\index.php(18): yii\base\Application->run()
#4 {main}

Next yii\web\NotFoundHttpException: Page not found. in C:\wamp64\www\projeto\vendor\yiisoft\yii2\web\Application.php:115
Stack trace:
#0 C:\wamp64\www\projeto\vendor\yiisoft\yii2\base\Application.php(387): yii\web\Application->handleRequest(Object(yii\web\Request))
#1 C:\wamp64\www\projeto\backend\web\index.php(18): yii\base\Application->run()
#2 {main}
2025-10-31 16:33:23 [::1][-][1b976eeac5b9cad7f147057775432926][info][application] $_GET = []

$_POST = []

$_FILES = []

$_COOKIE = [
    'advanced-frontend' => '78d21f32db4f28679741ca55f1182e5b'
    'advanced-backend' => '1b976eeac5b9cad7f147057775432926'
    '_csrf-frontend' => '9a8b6bc906edcde2604d893195935f3d5989412e68624592a3ca25060517c749a:2:{i:0;s:14:\"_csrf-frontend\";i:1;s:32:\"GQYYFTFb83dxOPghYYyUz4L3yHe8FWFr\";}'
    'PHPSESSID' => '19b5698e2c00160232d1c24abefd5050'
    '_csrf-backend' => '2fb1f6885e9d449d19719c7e37f48a13c11784afa615461fbc823339ade3e54fa:2:{i:0;s:13:\"_csrf-backend\";i:1;s:32:\"J2m0M-5RZ7og9gLyfyMAMF8Tn3sS2cjt\";}'
]

$_SESSION = [
    '__flash' => []
    '__returnUrl' => 'http://localhost/projeto/backend/web/'
]

$_SERVER = [
    'REDIRECT_STATUS' => '200'
    'HTTP_HOST' => 'localhost'
    'HTTP_CONNECTION' => 'keep-alive'
    'HTTP_SEC_CH_UA' => '\"Google Chrome\";v=\"141\", \"Not?A_Brand\";v=\"8\", \"Chromium\";v=\"141\"'
    'HTTP_SEC_CH_UA_MOBILE' => '?0'
    'HTTP_SEC_CH_UA_PLATFORM' => '\"Windows\"'
    'HTTP_UPGRADE_INSECURE_REQUESTS' => '1'
    'HTTP_USER_AGENT' => 'Mozilla/5.0 (Windows NT 10.0; Win64; x64) AppleWebKit/537.36 (KHTML, like Gecko) Chrome/141.0.0.0 Safari/537.36'
    'HTTP_ACCEPT' => 'text/html,application/xhtml+xml,application/xml;q=0.9,image/avif,image/webp,image/apng,*/*;q=0.8,application/signed-exchange;v=b3;q=0.7'
    'HTTP_SEC_FETCH_SITE' => 'same-origin'
    'HTTP_SEC_FETCH_MODE' => 'navigate'
    'HTTP_SEC_FETCH_USER' => '?1'
    'HTTP_SEC_FETCH_DEST' => 'document'
    'HTTP_REFERER' => 'http://localhost/projeto/backend/web/site/login'
    'HTTP_ACCEPT_ENCODING' => 'gzip, deflate, br, zstd'
    'HTTP_ACCEPT_LANGUAGE' => 'pt-PT,pt;q=0.9,en-US;q=0.8,en;q=0.7'
    'HTTP_COOKIE' => 'advanced-frontend=78d21f32db4f28679741ca55f1182e5b; advanced-backend=1b976eeac5b9cad7f147057775432926; _csrf-frontend=9a8b6bc906edcde2604d893195935f3d5989412e68624592a3ca25060517c749a%3A2%3A%7Bi%3A0%3Bs%3A14%3A%22_csrf-frontend%22%3Bi%3A1%3Bs%3A32%3A%22GQYYFTFb83dxOPghYYyUz4L3yHe8FWFr%22%3B%7D; PHPSESSID=19b5698e2c00160232d1c24abefd5050; _csrf-backend=2fb1f6885e9d449d19719c7e37f48a13c11784afa615461fbc823339ade3e54fa%3A2%3A%7Bi%3A0%3Bs%3A13%3A%22_csrf-backend%22%3Bi%3A1%3Bs%3A32%3A%22J2m0M-5RZ7og9gLyfyMAMF8Tn3sS2cjt%22%3B%7D'
    'PATH' => 'C:\\Program Files (x86)\\VMware\\VMware Workstation\\bin\\;C:\\Program Files (x86)\\Common Files\\Oracle\\Java\\java8path;C:\\Program Files (x86)\\Common Files\\Oracle\\Java\\javapath;C:\\WINDOWS\\system32;C:\\WINDOWS;C:\\WINDOWS\\System32\\Wbem;C:\\WINDOWS\\System32\\WindowsPowerShell\\v1.0\\;C:\\WINDOWS\\System32\\OpenSSH\\;C:\\Program Files\\dotnet\\;C:\\Program Files\\Git\\cmd;C:\\Program Files\\nodejs\\;C:\\wamp64\\bin\\php\\php8.1.31;C:\\Program Files\\Microsoft SQL Server\\150\\Tools\\Binn\\;C:\\Program Files\\Microsoft SQL Server\\Client SDK\\ODBC\\170\\Tools\\Binn\\;C:\\Program Files (x86)\\Windows Kits\\10\\Windows Performance Toolkit\\;C:\\Program Files (x86)\\dotnet\\;C:\\ProgramData\\ComposerSetup\\bin;C:\\TDM-GCC-64\\bin;C:\\WINDOWS\\system32\\config\\systemprofile\\AppData\\Local\\Microsoft\\WindowsApps'
    'SystemRoot' => 'C:\\WINDOWS'
    'COMSPEC' => 'C:\\WINDOWS\\system32\\cmd.exe'
    'PATHEXT' => '.COM;.EXE;.BAT;.CMD;.VBS;.VBE;.JS;.JSE;.WSF;.WSH;.MSC'
    'WINDIR' => 'C:\\WINDOWS'
    'SERVER_SIGNATURE' => '<address>Apache/2.4.62 (Win64) PHP/8.4.13 mod_fcgid/2.3.10-dev Server at localhost Port 80</address>
'
    'SERVER_SOFTWARE' => 'Apache/2.4.62 (Win64) PHP/8.4.13 mod_fcgid/2.3.10-dev'
    'SERVER_NAME' => 'localhost'
    'SERVER_ADDR' => '::1'
    'SERVER_PORT' => '80'
    'REMOTE_ADDR' => '::1'
    'DOCUMENT_ROOT' => 'C:/wamp64/www'
    'REQUEST_SCHEME' => 'http'
    'CONTEXT_PREFIX' => ''
    'CONTEXT_DOCUMENT_ROOT' => 'C:/wamp64/www'
    'SERVER_ADMIN' => 'wampserver@wampserver.invalid'
    'SCRIPT_FILENAME' => 'C:/wamp64/www/projeto/backend/web/index.php'
    'REMOTE_PORT' => '62828'
    'REDIRECT_URL' => '/projeto/backend/web/site/register.html'
    'GATEWAY_INTERFACE' => 'CGI/1.1'
    'SERVER_PROTOCOL' => 'HTTP/1.1'
    'REQUEST_METHOD' => 'GET'
    'QUERY_STRING' => ''
    'REQUEST_URI' => '/projeto/backend/web/site/register.html'
    'SCRIPT_NAME' => '/projeto/backend/web/index.php'
    'PHP_SELF' => '/projeto/backend/web/index.php'
    'REQUEST_TIME_FLOAT' => 1761928403.3349
    'REQUEST_TIME' => 1761928403
]
2025-10-31 16:33:47 [::1][-][1b976eeac5b9cad7f147057775432926][error][yii\web\HttpException:404] yii\base\InvalidRouteException: Unable to resolve the request: site/register.html in C:\wamp64\www\projeto\vendor\yiisoft\yii2\base\Controller.php:155
Stack trace:
#0 C:\wamp64\www\projeto\vendor\yiisoft\yii2\base\Module.php(555): yii\base\Controller->runAction('register.html', Array)
#1 C:\wamp64\www\projeto\vendor\yiisoft\yii2\web\Application.php(103): yii\base\Module->runAction('site/register.h...', Array)
#2 C:\wamp64\www\projeto\vendor\yiisoft\yii2\base\Application.php(387): yii\web\Application->handleRequest(Object(yii\web\Request))
#3 C:\wamp64\www\projeto\backend\web\index.php(18): yii\base\Application->run()
#4 {main}

Next yii\web\NotFoundHttpException: Page not found. in C:\wamp64\www\projeto\vendor\yiisoft\yii2\web\Application.php:115
Stack trace:
#0 C:\wamp64\www\projeto\vendor\yiisoft\yii2\base\Application.php(387): yii\web\Application->handleRequest(Object(yii\web\Request))
#1 C:\wamp64\www\projeto\backend\web\index.php(18): yii\base\Application->run()
#2 {main}
2025-10-31 16:33:23 [::1][-][1b976eeac5b9cad7f147057775432926][info][application] $_GET = []

$_POST = []

$_FILES = []

$_COOKIE = [
    'advanced-frontend' => '78d21f32db4f28679741ca55f1182e5b'
    'advanced-backend' => '1b976eeac5b9cad7f147057775432926'
    '_csrf-frontend' => '9a8b6bc906edcde2604d893195935f3d5989412e68624592a3ca25060517c749a:2:{i:0;s:14:\"_csrf-frontend\";i:1;s:32:\"GQYYFTFb83dxOPghYYyUz4L3yHe8FWFr\";}'
    'PHPSESSID' => '19b5698e2c00160232d1c24abefd5050'
    '_csrf-backend' => '2fb1f6885e9d449d19719c7e37f48a13c11784afa615461fbc823339ade3e54fa:2:{i:0;s:13:\"_csrf-backend\";i:1;s:32:\"J2m0M-5RZ7og9gLyfyMAMF8Tn3sS2cjt\";}'
]

$_SESSION = [
    '__flash' => []
    '__returnUrl' => 'http://localhost/projeto/backend/web/'
]

$_SERVER = [
    'REDIRECT_STATUS' => '200'
    'HTTP_HOST' => 'localhost'
    'HTTP_CONNECTION' => 'keep-alive'
    'HTTP_SEC_CH_UA' => '\"Google Chrome\";v=\"141\", \"Not?A_Brand\";v=\"8\", \"Chromium\";v=\"141\"'
    'HTTP_SEC_CH_UA_MOBILE' => '?0'
    'HTTP_SEC_CH_UA_PLATFORM' => '\"Windows\"'
    'HTTP_UPGRADE_INSECURE_REQUESTS' => '1'
    'HTTP_USER_AGENT' => 'Mozilla/5.0 (Windows NT 10.0; Win64; x64) AppleWebKit/537.36 (KHTML, like Gecko) Chrome/141.0.0.0 Safari/537.36'
    'HTTP_ACCEPT' => 'text/html,application/xhtml+xml,application/xml;q=0.9,image/avif,image/webp,image/apng,*/*;q=0.8,application/signed-exchange;v=b3;q=0.7'
    'HTTP_SEC_FETCH_SITE' => 'same-origin'
    'HTTP_SEC_FETCH_MODE' => 'navigate'
    'HTTP_SEC_FETCH_USER' => '?1'
    'HTTP_SEC_FETCH_DEST' => 'document'
    'HTTP_REFERER' => 'http://localhost/projeto/backend/web/site/login'
    'HTTP_ACCEPT_ENCODING' => 'gzip, deflate, br, zstd'
    'HTTP_ACCEPT_LANGUAGE' => 'pt-PT,pt;q=0.9,en-US;q=0.8,en;q=0.7'
    'HTTP_COOKIE' => 'advanced-frontend=78d21f32db4f28679741ca55f1182e5b; advanced-backend=1b976eeac5b9cad7f147057775432926; _csrf-frontend=9a8b6bc906edcde2604d893195935f3d5989412e68624592a3ca25060517c749a%3A2%3A%7Bi%3A0%3Bs%3A14%3A%22_csrf-frontend%22%3Bi%3A1%3Bs%3A32%3A%22GQYYFTFb83dxOPghYYyUz4L3yHe8FWFr%22%3B%7D; PHPSESSID=19b5698e2c00160232d1c24abefd5050; _csrf-backend=2fb1f6885e9d449d19719c7e37f48a13c11784afa615461fbc823339ade3e54fa%3A2%3A%7Bi%3A0%3Bs%3A13%3A%22_csrf-backend%22%3Bi%3A1%3Bs%3A32%3A%22J2m0M-5RZ7og9gLyfyMAMF8Tn3sS2cjt%22%3B%7D'
    'PATH' => 'C:\\Program Files (x86)\\VMware\\VMware Workstation\\bin\\;C:\\Program Files (x86)\\Common Files\\Oracle\\Java\\java8path;C:\\Program Files (x86)\\Common Files\\Oracle\\Java\\javapath;C:\\WINDOWS\\system32;C:\\WINDOWS;C:\\WINDOWS\\System32\\Wbem;C:\\WINDOWS\\System32\\WindowsPowerShell\\v1.0\\;C:\\WINDOWS\\System32\\OpenSSH\\;C:\\Program Files\\dotnet\\;C:\\Program Files\\Git\\cmd;C:\\Program Files\\nodejs\\;C:\\wamp64\\bin\\php\\php8.1.31;C:\\Program Files\\Microsoft SQL Server\\150\\Tools\\Binn\\;C:\\Program Files\\Microsoft SQL Server\\Client SDK\\ODBC\\170\\Tools\\Binn\\;C:\\Program Files (x86)\\Windows Kits\\10\\Windows Performance Toolkit\\;C:\\Program Files (x86)\\dotnet\\;C:\\ProgramData\\ComposerSetup\\bin;C:\\TDM-GCC-64\\bin;C:\\WINDOWS\\system32\\config\\systemprofile\\AppData\\Local\\Microsoft\\WindowsApps'
    'SystemRoot' => 'C:\\WINDOWS'
    'COMSPEC' => 'C:\\WINDOWS\\system32\\cmd.exe'
    'PATHEXT' => '.COM;.EXE;.BAT;.CMD;.VBS;.VBE;.JS;.JSE;.WSF;.WSH;.MSC'
    'WINDIR' => 'C:\\WINDOWS'
    'SERVER_SIGNATURE' => '<address>Apache/2.4.62 (Win64) PHP/8.4.13 mod_fcgid/2.3.10-dev Server at localhost Port 80</address>
'
    'SERVER_SOFTWARE' => 'Apache/2.4.62 (Win64) PHP/8.4.13 mod_fcgid/2.3.10-dev'
    'SERVER_NAME' => 'localhost'
    'SERVER_ADDR' => '::1'
    'SERVER_PORT' => '80'
    'REMOTE_ADDR' => '::1'
    'DOCUMENT_ROOT' => 'C:/wamp64/www'
    'REQUEST_SCHEME' => 'http'
    'CONTEXT_PREFIX' => ''
    'CONTEXT_DOCUMENT_ROOT' => 'C:/wamp64/www'
    'SERVER_ADMIN' => 'wampserver@wampserver.invalid'
    'SCRIPT_FILENAME' => 'C:/wamp64/www/projeto/backend/web/index.php'
    'REMOTE_PORT' => '62836'
    'REDIRECT_URL' => '/projeto/backend/web/site/register.html'
    'GATEWAY_INTERFACE' => 'CGI/1.1'
    'SERVER_PROTOCOL' => 'HTTP/1.1'
    'REQUEST_METHOD' => 'GET'
    'QUERY_STRING' => ''
    'REQUEST_URI' => '/projeto/backend/web/site/register.html'
    'SCRIPT_NAME' => '/projeto/backend/web/index.php'
    'PHP_SELF' => '/projeto/backend/web/index.php'
    'REQUEST_TIME_FLOAT' => 1761928403.8037
    'REQUEST_TIME' => 1761928403
]
2025-10-31 16:33:47 [::1][-][1b976eeac5b9cad7f147057775432926][error][yii\web\HttpException:404] yii\base\InvalidRouteException: Unable to resolve the request: site/register.html in C:\wamp64\www\projeto\vendor\yiisoft\yii2\base\Controller.php:155
Stack trace:
#0 C:\wamp64\www\projeto\vendor\yiisoft\yii2\base\Module.php(555): yii\base\Controller->runAction('register.html', Array)
#1 C:\wamp64\www\projeto\vendor\yiisoft\yii2\web\Application.php(103): yii\base\Module->runAction('site/register.h...', Array)
#2 C:\wamp64\www\projeto\vendor\yiisoft\yii2\base\Application.php(387): yii\web\Application->handleRequest(Object(yii\web\Request))
#3 C:\wamp64\www\projeto\backend\web\index.php(18): yii\base\Application->run()
#4 {main}

Next yii\web\NotFoundHttpException: Page not found. in C:\wamp64\www\projeto\vendor\yiisoft\yii2\web\Application.php:115
Stack trace:
#0 C:\wamp64\www\projeto\vendor\yiisoft\yii2\base\Application.php(387): yii\web\Application->handleRequest(Object(yii\web\Request))
#1 C:\wamp64\www\projeto\backend\web\index.php(18): yii\base\Application->run()
#2 {main}
2025-10-31 16:33:24 [::1][-][1b976eeac5b9cad7f147057775432926][info][application] $_GET = []

$_POST = []

$_FILES = []

$_COOKIE = [
    'advanced-frontend' => '78d21f32db4f28679741ca55f1182e5b'
    'advanced-backend' => '1b976eeac5b9cad7f147057775432926'
    '_csrf-frontend' => '9a8b6bc906edcde2604d893195935f3d5989412e68624592a3ca25060517c749a:2:{i:0;s:14:\"_csrf-frontend\";i:1;s:32:\"GQYYFTFb83dxOPghYYyUz4L3yHe8FWFr\";}'
    'PHPSESSID' => '19b5698e2c00160232d1c24abefd5050'
    '_csrf-backend' => '2fb1f6885e9d449d19719c7e37f48a13c11784afa615461fbc823339ade3e54fa:2:{i:0;s:13:\"_csrf-backend\";i:1;s:32:\"J2m0M-5RZ7og9gLyfyMAMF8Tn3sS2cjt\";}'
]

$_SESSION = [
    '__flash' => []
    '__returnUrl' => 'http://localhost/projeto/backend/web/'
]

$_SERVER = [
    'REDIRECT_STATUS' => '200'
    'HTTP_HOST' => 'localhost'
    'HTTP_CONNECTION' => 'keep-alive'
    'HTTP_SEC_CH_UA' => '\"Google Chrome\";v=\"141\", \"Not?A_Brand\";v=\"8\", \"Chromium\";v=\"141\"'
    'HTTP_SEC_CH_UA_MOBILE' => '?0'
    'HTTP_SEC_CH_UA_PLATFORM' => '\"Windows\"'
    'HTTP_UPGRADE_INSECURE_REQUESTS' => '1'
    'HTTP_USER_AGENT' => 'Mozilla/5.0 (Windows NT 10.0; Win64; x64) AppleWebKit/537.36 (KHTML, like Gecko) Chrome/141.0.0.0 Safari/537.36'
    'HTTP_ACCEPT' => 'text/html,application/xhtml+xml,application/xml;q=0.9,image/avif,image/webp,image/apng,*/*;q=0.8,application/signed-exchange;v=b3;q=0.7'
    'HTTP_SEC_FETCH_SITE' => 'same-origin'
    'HTTP_SEC_FETCH_MODE' => 'navigate'
    'HTTP_SEC_FETCH_USER' => '?1'
    'HTTP_SEC_FETCH_DEST' => 'document'
    'HTTP_REFERER' => 'http://localhost/projeto/backend/web/site/login'
    'HTTP_ACCEPT_ENCODING' => 'gzip, deflate, br, zstd'
    'HTTP_ACCEPT_LANGUAGE' => 'pt-PT,pt;q=0.9,en-US;q=0.8,en;q=0.7'
    'HTTP_COOKIE' => 'advanced-frontend=78d21f32db4f28679741ca55f1182e5b; advanced-backend=1b976eeac5b9cad7f147057775432926; _csrf-frontend=9a8b6bc906edcde2604d893195935f3d5989412e68624592a3ca25060517c749a%3A2%3A%7Bi%3A0%3Bs%3A14%3A%22_csrf-frontend%22%3Bi%3A1%3Bs%3A32%3A%22GQYYFTFb83dxOPghYYyUz4L3yHe8FWFr%22%3B%7D; PHPSESSID=19b5698e2c00160232d1c24abefd5050; _csrf-backend=2fb1f6885e9d449d19719c7e37f48a13c11784afa615461fbc823339ade3e54fa%3A2%3A%7Bi%3A0%3Bs%3A13%3A%22_csrf-backend%22%3Bi%3A1%3Bs%3A32%3A%22J2m0M-5RZ7og9gLyfyMAMF8Tn3sS2cjt%22%3B%7D'
    'PATH' => 'C:\\Program Files (x86)\\VMware\\VMware Workstation\\bin\\;C:\\Program Files (x86)\\Common Files\\Oracle\\Java\\java8path;C:\\Program Files (x86)\\Common Files\\Oracle\\Java\\javapath;C:\\WINDOWS\\system32;C:\\WINDOWS;C:\\WINDOWS\\System32\\Wbem;C:\\WINDOWS\\System32\\WindowsPowerShell\\v1.0\\;C:\\WINDOWS\\System32\\OpenSSH\\;C:\\Program Files\\dotnet\\;C:\\Program Files\\Git\\cmd;C:\\Program Files\\nodejs\\;C:\\wamp64\\bin\\php\\php8.1.31;C:\\Program Files\\Microsoft SQL Server\\150\\Tools\\Binn\\;C:\\Program Files\\Microsoft SQL Server\\Client SDK\\ODBC\\170\\Tools\\Binn\\;C:\\Program Files (x86)\\Windows Kits\\10\\Windows Performance Toolkit\\;C:\\Program Files (x86)\\dotnet\\;C:\\ProgramData\\ComposerSetup\\bin;C:\\TDM-GCC-64\\bin;C:\\WINDOWS\\system32\\config\\systemprofile\\AppData\\Local\\Microsoft\\WindowsApps'
    'SystemRoot' => 'C:\\WINDOWS'
    'COMSPEC' => 'C:\\WINDOWS\\system32\\cmd.exe'
    'PATHEXT' => '.COM;.EXE;.BAT;.CMD;.VBS;.VBE;.JS;.JSE;.WSF;.WSH;.MSC'
    'WINDIR' => 'C:\\WINDOWS'
    'SERVER_SIGNATURE' => '<address>Apache/2.4.62 (Win64) PHP/8.4.13 mod_fcgid/2.3.10-dev Server at localhost Port 80</address>
'
    'SERVER_SOFTWARE' => 'Apache/2.4.62 (Win64) PHP/8.4.13 mod_fcgid/2.3.10-dev'
    'SERVER_NAME' => 'localhost'
    'SERVER_ADDR' => '::1'
    'SERVER_PORT' => '80'
    'REMOTE_ADDR' => '::1'
    'DOCUMENT_ROOT' => 'C:/wamp64/www'
    'REQUEST_SCHEME' => 'http'
    'CONTEXT_PREFIX' => ''
    'CONTEXT_DOCUMENT_ROOT' => 'C:/wamp64/www'
    'SERVER_ADMIN' => 'wampserver@wampserver.invalid'
    'SCRIPT_FILENAME' => 'C:/wamp64/www/projeto/backend/web/index.php'
    'REMOTE_PORT' => '50031'
    'REDIRECT_URL' => '/projeto/backend/web/site/register.html'
    'GATEWAY_INTERFACE' => 'CGI/1.1'
    'SERVER_PROTOCOL' => 'HTTP/1.1'
    'REQUEST_METHOD' => 'GET'
    'QUERY_STRING' => ''
    'REQUEST_URI' => '/projeto/backend/web/site/register.html'
    'SCRIPT_NAME' => '/projeto/backend/web/index.php'
    'PHP_SELF' => '/projeto/backend/web/index.php'
    'REQUEST_TIME_FLOAT' => 1761928404.0639
    'REQUEST_TIME' => 1761928404
]
2025-10-31 16:34:27 [::1][-][1b976eeac5b9cad7f147057775432926][error][yii\web\HttpException:404] yii\base\InvalidRouteException: Unable to resolve the request: site/register.html in C:\wamp64\www\projeto\vendor\yiisoft\yii2\base\Controller.php:155
Stack trace:
#0 C:\wamp64\www\projeto\vendor\yiisoft\yii2\base\Module.php(555): yii\base\Controller->runAction('register.html', Array)
#1 C:\wamp64\www\projeto\vendor\yiisoft\yii2\web\Application.php(103): yii\base\Module->runAction('site/register.h...', Array)
#2 C:\wamp64\www\projeto\vendor\yiisoft\yii2\base\Application.php(387): yii\web\Application->handleRequest(Object(yii\web\Request))
#3 C:\wamp64\www\projeto\backend\web\index.php(18): yii\base\Application->run()
#4 {main}

Next yii\web\NotFoundHttpException: Page not found. in C:\wamp64\www\projeto\vendor\yiisoft\yii2\web\Application.php:115
Stack trace:
#0 C:\wamp64\www\projeto\vendor\yiisoft\yii2\base\Application.php(387): yii\web\Application->handleRequest(Object(yii\web\Request))
#1 C:\wamp64\www\projeto\backend\web\index.php(18): yii\base\Application->run()
#2 {main}
2025-10-31 16:34:27 [::1][-][1b976eeac5b9cad7f147057775432926][info][application] $_GET = []

$_POST = []

$_FILES = []

$_COOKIE = [
    'advanced-frontend' => '78d21f32db4f28679741ca55f1182e5b'
    'advanced-backend' => '1b976eeac5b9cad7f147057775432926'
    '_csrf-frontend' => '9a8b6bc906edcde2604d893195935f3d5989412e68624592a3ca25060517c749a:2:{i:0;s:14:\"_csrf-frontend\";i:1;s:32:\"GQYYFTFb83dxOPghYYyUz4L3yHe8FWFr\";}'
    'PHPSESSID' => '19b5698e2c00160232d1c24abefd5050'
    '_csrf-backend' => '2fb1f6885e9d449d19719c7e37f48a13c11784afa615461fbc823339ade3e54fa:2:{i:0;s:13:\"_csrf-backend\";i:1;s:32:\"J2m0M-5RZ7og9gLyfyMAMF8Tn3sS2cjt\";}'
]

$_SESSION = [
    '__flash' => []
    '__returnUrl' => 'http://localhost/projeto/backend/web/site/index'
]

$_SERVER = [
    'REDIRECT_STATUS' => '200'
    'HTTP_HOST' => 'localhost'
    'HTTP_CONNECTION' => 'keep-alive'
    'HTTP_SEC_CH_UA' => '\"Google Chrome\";v=\"141\", \"Not?A_Brand\";v=\"8\", \"Chromium\";v=\"141\"'
    'HTTP_SEC_CH_UA_MOBILE' => '?0'
    'HTTP_SEC_CH_UA_PLATFORM' => '\"Windows\"'
    'HTTP_UPGRADE_INSECURE_REQUESTS' => '1'
    'HTTP_USER_AGENT' => 'Mozilla/5.0 (Windows NT 10.0; Win64; x64) AppleWebKit/537.36 (KHTML, like Gecko) Chrome/141.0.0.0 Safari/537.36'
    'HTTP_ACCEPT' => 'text/html,application/xhtml+xml,application/xml;q=0.9,image/avif,image/webp,image/apng,*/*;q=0.8,application/signed-exchange;v=b3;q=0.7'
    'HTTP_SEC_FETCH_SITE' => 'same-origin'
    'HTTP_SEC_FETCH_MODE' => 'navigate'
    'HTTP_SEC_FETCH_DEST' => 'document'
    'HTTP_REFERER' => 'http://localhost/projeto/backend/web/site/login'
    'HTTP_ACCEPT_ENCODING' => 'gzip, deflate, br, zstd'
    'HTTP_ACCEPT_LANGUAGE' => 'pt-PT,pt;q=0.9,en-US;q=0.8,en;q=0.7'
    'HTTP_COOKIE' => 'advanced-frontend=78d21f32db4f28679741ca55f1182e5b; advanced-backend=1b976eeac5b9cad7f147057775432926; _csrf-frontend=9a8b6bc906edcde2604d893195935f3d5989412e68624592a3ca25060517c749a%3A2%3A%7Bi%3A0%3Bs%3A14%3A%22_csrf-frontend%22%3Bi%3A1%3Bs%3A32%3A%22GQYYFTFb83dxOPghYYyUz4L3yHe8FWFr%22%3B%7D; PHPSESSID=19b5698e2c00160232d1c24abefd5050; _csrf-backend=2fb1f6885e9d449d19719c7e37f48a13c11784afa615461fbc823339ade3e54fa%3A2%3A%7Bi%3A0%3Bs%3A13%3A%22_csrf-backend%22%3Bi%3A1%3Bs%3A32%3A%22J2m0M-5RZ7og9gLyfyMAMF8Tn3sS2cjt%22%3B%7D'
    'PATH' => 'C:\\Program Files (x86)\\VMware\\VMware Workstation\\bin\\;C:\\Program Files (x86)\\Common Files\\Oracle\\Java\\java8path;C:\\Program Files (x86)\\Common Files\\Oracle\\Java\\javapath;C:\\WINDOWS\\system32;C:\\WINDOWS;C:\\WINDOWS\\System32\\Wbem;C:\\WINDOWS\\System32\\WindowsPowerShell\\v1.0\\;C:\\WINDOWS\\System32\\OpenSSH\\;C:\\Program Files\\dotnet\\;C:\\Program Files\\Git\\cmd;C:\\Program Files\\nodejs\\;C:\\wamp64\\bin\\php\\php8.1.31;C:\\Program Files\\Microsoft SQL Server\\150\\Tools\\Binn\\;C:\\Program Files\\Microsoft SQL Server\\Client SDK\\ODBC\\170\\Tools\\Binn\\;C:\\Program Files (x86)\\Windows Kits\\10\\Windows Performance Toolkit\\;C:\\Program Files (x86)\\dotnet\\;C:\\ProgramData\\ComposerSetup\\bin;C:\\TDM-GCC-64\\bin;C:\\WINDOWS\\system32\\config\\systemprofile\\AppData\\Local\\Microsoft\\WindowsApps'
    'SystemRoot' => 'C:\\WINDOWS'
    'COMSPEC' => 'C:\\WINDOWS\\system32\\cmd.exe'
    'PATHEXT' => '.COM;.EXE;.BAT;.CMD;.VBS;.VBE;.JS;.JSE;.WSF;.WSH;.MSC'
    'WINDIR' => 'C:\\WINDOWS'
    'SERVER_SIGNATURE' => '<address>Apache/2.4.62 (Win64) PHP/8.4.13 mod_fcgid/2.3.10-dev Server at localhost Port 80</address>
'
    'SERVER_SOFTWARE' => 'Apache/2.4.62 (Win64) PHP/8.4.13 mod_fcgid/2.3.10-dev'
    'SERVER_NAME' => 'localhost'
    'SERVER_ADDR' => '::1'
    'SERVER_PORT' => '80'
    'REMOTE_ADDR' => '::1'
    'DOCUMENT_ROOT' => 'C:/wamp64/www'
    'REQUEST_SCHEME' => 'http'
    'CONTEXT_PREFIX' => ''
    'CONTEXT_DOCUMENT_ROOT' => 'C:/wamp64/www'
    'SERVER_ADMIN' => 'wampserver@wampserver.invalid'
    'SCRIPT_FILENAME' => 'C:/wamp64/www/projeto/backend/web/index.php'
    'REMOTE_PORT' => '59993'
    'REDIRECT_URL' => '/projeto/backend/web/site/register.html'
    'GATEWAY_INTERFACE' => 'CGI/1.1'
    'SERVER_PROTOCOL' => 'HTTP/1.1'
    'REQUEST_METHOD' => 'GET'
    'QUERY_STRING' => ''
    'REQUEST_URI' => '/projeto/backend/web/site/register.html'
    'SCRIPT_NAME' => '/projeto/backend/web/index.php'
    'PHP_SELF' => '/projeto/backend/web/index.php'
    'REQUEST_TIME_FLOAT' => 1761928467.3041
    'REQUEST_TIME' => 1761928467
]
2025-10-31 16:36:08 [::1][-][1b976eeac5b9cad7f147057775432926][error][yii\web\HttpException:404] yii\base\InvalidRouteException: Unable to resolve the request: site/register.html in C:\wamp64\www\projeto\vendor\yiisoft\yii2\base\Controller.php:155
Stack trace:
#0 C:\wamp64\www\projeto\vendor\yiisoft\yii2\base\Module.php(555): yii\base\Controller->runAction('register.html', Array)
#1 C:\wamp64\www\projeto\vendor\yiisoft\yii2\web\Application.php(103): yii\base\Module->runAction('site/register.h...', Array)
#2 C:\wamp64\www\projeto\vendor\yiisoft\yii2\base\Application.php(387): yii\web\Application->handleRequest(Object(yii\web\Request))
#3 C:\wamp64\www\projeto\backend\web\index.php(18): yii\base\Application->run()
#4 {main}

Next yii\web\NotFoundHttpException: Page not found. in C:\wamp64\www\projeto\vendor\yiisoft\yii2\web\Application.php:115
Stack trace:
#0 C:\wamp64\www\projeto\vendor\yiisoft\yii2\base\Application.php(387): yii\web\Application->handleRequest(Object(yii\web\Request))
#1 C:\wamp64\www\projeto\backend\web\index.php(18): yii\base\Application->run()
#2 {main}
2025-10-31 16:36:08 [::1][-][1b976eeac5b9cad7f147057775432926][info][application] $_GET = []

$_POST = []

$_FILES = []

$_COOKIE = [
    'advanced-frontend' => '78d21f32db4f28679741ca55f1182e5b'
    'advanced-backend' => '1b976eeac5b9cad7f147057775432926'
    '_csrf-frontend' => '9a8b6bc906edcde2604d893195935f3d5989412e68624592a3ca25060517c749a:2:{i:0;s:14:\"_csrf-frontend\";i:1;s:32:\"GQYYFTFb83dxOPghYYyUz4L3yHe8FWFr\";}'
    'PHPSESSID' => '19b5698e2c00160232d1c24abefd5050'
    '_csrf-backend' => '2fb1f6885e9d449d19719c7e37f48a13c11784afa615461fbc823339ade3e54fa:2:{i:0;s:13:\"_csrf-backend\";i:1;s:32:\"J2m0M-5RZ7og9gLyfyMAMF8Tn3sS2cjt\";}'
]

$_SESSION = [
    '__flash' => []
    '__returnUrl' => 'http://localhost/projeto/backend/web/'
]

$_SERVER = [
    'REDIRECT_STATUS' => '200'
    'HTTP_HOST' => 'localhost'
    'HTTP_CONNECTION' => 'keep-alive'
    'HTTP_SEC_CH_UA' => '\"Google Chrome\";v=\"141\", \"Not?A_Brand\";v=\"8\", \"Chromium\";v=\"141\"'
    'HTTP_SEC_CH_UA_MOBILE' => '?0'
    'HTTP_SEC_CH_UA_PLATFORM' => '\"Windows\"'
    'HTTP_UPGRADE_INSECURE_REQUESTS' => '1'
    'HTTP_USER_AGENT' => 'Mozilla/5.0 (Windows NT 10.0; Win64; x64) AppleWebKit/537.36 (KHTML, like Gecko) Chrome/141.0.0.0 Safari/537.36'
    'HTTP_ACCEPT' => 'text/html,application/xhtml+xml,application/xml;q=0.9,image/avif,image/webp,image/apng,*/*;q=0.8,application/signed-exchange;v=b3;q=0.7'
    'HTTP_SEC_FETCH_SITE' => 'same-origin'
    'HTTP_SEC_FETCH_MODE' => 'navigate'
    'HTTP_SEC_FETCH_DEST' => 'document'
    'HTTP_REFERER' => 'http://localhost/projeto/backend/web/site/login'
    'HTTP_ACCEPT_ENCODING' => 'gzip, deflate, br, zstd'
    'HTTP_ACCEPT_LANGUAGE' => 'pt-PT,pt;q=0.9,en-US;q=0.8,en;q=0.7'
    'HTTP_COOKIE' => 'advanced-frontend=78d21f32db4f28679741ca55f1182e5b; advanced-backend=1b976eeac5b9cad7f147057775432926; _csrf-frontend=9a8b6bc906edcde2604d893195935f3d5989412e68624592a3ca25060517c749a%3A2%3A%7Bi%3A0%3Bs%3A14%3A%22_csrf-frontend%22%3Bi%3A1%3Bs%3A32%3A%22GQYYFTFb83dxOPghYYyUz4L3yHe8FWFr%22%3B%7D; PHPSESSID=19b5698e2c00160232d1c24abefd5050; _csrf-backend=2fb1f6885e9d449d19719c7e37f48a13c11784afa615461fbc823339ade3e54fa%3A2%3A%7Bi%3A0%3Bs%3A13%3A%22_csrf-backend%22%3Bi%3A1%3Bs%3A32%3A%22J2m0M-5RZ7og9gLyfyMAMF8Tn3sS2cjt%22%3B%7D'
    'PATH' => 'C:\\Program Files (x86)\\VMware\\VMware Workstation\\bin\\;C:\\Program Files (x86)\\Common Files\\Oracle\\Java\\java8path;C:\\Program Files (x86)\\Common Files\\Oracle\\Java\\javapath;C:\\WINDOWS\\system32;C:\\WINDOWS;C:\\WINDOWS\\System32\\Wbem;C:\\WINDOWS\\System32\\WindowsPowerShell\\v1.0\\;C:\\WINDOWS\\System32\\OpenSSH\\;C:\\Program Files\\dotnet\\;C:\\Program Files\\Git\\cmd;C:\\Program Files\\nodejs\\;C:\\wamp64\\bin\\php\\php8.1.31;C:\\Program Files\\Microsoft SQL Server\\150\\Tools\\Binn\\;C:\\Program Files\\Microsoft SQL Server\\Client SDK\\ODBC\\170\\Tools\\Binn\\;C:\\Program Files (x86)\\Windows Kits\\10\\Windows Performance Toolkit\\;C:\\Program Files (x86)\\dotnet\\;C:\\ProgramData\\ComposerSetup\\bin;C:\\TDM-GCC-64\\bin;C:\\WINDOWS\\system32\\config\\systemprofile\\AppData\\Local\\Microsoft\\WindowsApps'
    'SystemRoot' => 'C:\\WINDOWS'
    'COMSPEC' => 'C:\\WINDOWS\\system32\\cmd.exe'
    'PATHEXT' => '.COM;.EXE;.BAT;.CMD;.VBS;.VBE;.JS;.JSE;.WSF;.WSH;.MSC'
    'WINDIR' => 'C:\\WINDOWS'
    'SERVER_SIGNATURE' => '<address>Apache/2.4.62 (Win64) PHP/8.4.13 mod_fcgid/2.3.10-dev Server at localhost Port 80</address>
'
    'SERVER_SOFTWARE' => 'Apache/2.4.62 (Win64) PHP/8.4.13 mod_fcgid/2.3.10-dev'
    'SERVER_NAME' => 'localhost'
    'SERVER_ADDR' => '::1'
    'SERVER_PORT' => '80'
    'REMOTE_ADDR' => '::1'
    'DOCUMENT_ROOT' => 'C:/wamp64/www'
    'REQUEST_SCHEME' => 'http'
    'CONTEXT_PREFIX' => ''
    'CONTEXT_DOCUMENT_ROOT' => 'C:/wamp64/www'
    'SERVER_ADMIN' => 'wampserver@wampserver.invalid'
    'SCRIPT_FILENAME' => 'C:/wamp64/www/projeto/backend/web/index.php'
    'REMOTE_PORT' => '53228'
    'REDIRECT_URL' => '/projeto/backend/web/site/register.html'
    'GATEWAY_INTERFACE' => 'CGI/1.1'
    'SERVER_PROTOCOL' => 'HTTP/1.1'
    'REQUEST_METHOD' => 'GET'
    'QUERY_STRING' => ''
    'REQUEST_URI' => '/projeto/backend/web/site/register.html'
    'SCRIPT_NAME' => '/projeto/backend/web/index.php'
    'PHP_SELF' => '/projeto/backend/web/index.php'
    'REQUEST_TIME_FLOAT' => 1761928568.8836
    'REQUEST_TIME' => 1761928568
]
2025-11-04 14:04:56 [::1][-][1b976eeac5b9cad7f147057775432926][error][yii\web\HttpException:404] yii\base\InvalidRouteException: Unable to resolve the request: site/register.html in C:\wamp64\www\projeto\vendor\yiisoft\yii2\base\Controller.php:155
Stack trace:
#0 C:\wamp64\www\projeto\vendor\yiisoft\yii2\base\Module.php(555): yii\base\Controller->runAction('register.html', Array)
#1 C:\wamp64\www\projeto\vendor\yiisoft\yii2\web\Application.php(103): yii\base\Module->runAction('site/register.h...', Array)
#2 C:\wamp64\www\projeto\vendor\yiisoft\yii2\base\Application.php(387): yii\web\Application->handleRequest(Object(yii\web\Request))
#3 C:\wamp64\www\projeto\backend\web\index.php(18): yii\base\Application->run()
#4 {main}

Next yii\web\NotFoundHttpException: Page not found. in C:\wamp64\www\projeto\vendor\yiisoft\yii2\web\Application.php:115
Stack trace:
#0 C:\wamp64\www\projeto\vendor\yiisoft\yii2\base\Application.php(387): yii\web\Application->handleRequest(Object(yii\web\Request))
#1 C:\wamp64\www\projeto\backend\web\index.php(18): yii\base\Application->run()
#2 {main}
2025-11-04 14:04:53 [::1][-][1b976eeac5b9cad7f147057775432926][info][application] $_GET = []

$_POST = []

$_FILES = []

$_COOKIE = [
    'advanced-frontend' => '78d21f32db4f28679741ca55f1182e5b'
    'advanced-backend' => '1b976eeac5b9cad7f147057775432926'
    '_csrf-frontend' => '9a8b6bc906edcde2604d893195935f3d5989412e68624592a3ca25060517c749a:2:{i:0;s:14:\"_csrf-frontend\";i:1;s:32:\"GQYYFTFb83dxOPghYYyUz4L3yHe8FWFr\";}'
    'PHPSESSID' => '19b5698e2c00160232d1c24abefd5050'
    '_csrf-backend' => '2fb1f6885e9d449d19719c7e37f48a13c11784afa615461fbc823339ade3e54fa:2:{i:0;s:13:\"_csrf-backend\";i:1;s:32:\"J2m0M-5RZ7og9gLyfyMAMF8Tn3sS2cjt\";}'
]

$_SESSION = [
    '__flash' => []
]

$_SERVER = [
    'REDIRECT_STATUS' => '200'
    'HTTP_HOST' => 'localhost'
    'HTTP_CONNECTION' => 'keep-alive'
    'HTTP_CACHE_CONTROL' => 'max-age=0'
    'HTTP_SEC_CH_UA' => '\"Google Chrome\";v=\"141\", \"Not?A_Brand\";v=\"8\", \"Chromium\";v=\"141\"'
    'HTTP_SEC_CH_UA_MOBILE' => '?0'
    'HTTP_SEC_CH_UA_PLATFORM' => '\"Windows\"'
    'HTTP_UPGRADE_INSECURE_REQUESTS' => '1'
    'HTTP_USER_AGENT' => 'Mozilla/5.0 (Windows NT 10.0; Win64; x64) AppleWebKit/537.36 (KHTML, like Gecko) Chrome/141.0.0.0 Safari/537.36'
    'HTTP_ACCEPT' => 'text/html,application/xhtml+xml,application/xml;q=0.9,image/avif,image/webp,image/apng,*/*;q=0.8,application/signed-exchange;v=b3;q=0.7'
    'HTTP_SEC_FETCH_SITE' => 'same-origin'
    'HTTP_SEC_FETCH_MODE' => 'navigate'
    'HTTP_SEC_FETCH_USER' => '?1'
    'HTTP_SEC_FETCH_DEST' => 'document'
    'HTTP_REFERER' => 'http://localhost/projeto/backend/web/site/login'
    'HTTP_ACCEPT_ENCODING' => 'gzip, deflate, br, zstd'
    'HTTP_ACCEPT_LANGUAGE' => 'pt-PT,pt;q=0.9,en-US;q=0.8,en;q=0.7'
    'HTTP_COOKIE' => 'advanced-frontend=78d21f32db4f28679741ca55f1182e5b; advanced-backend=1b976eeac5b9cad7f147057775432926; _csrf-frontend=9a8b6bc906edcde2604d893195935f3d5989412e68624592a3ca25060517c749a%3A2%3A%7Bi%3A0%3Bs%3A14%3A%22_csrf-frontend%22%3Bi%3A1%3Bs%3A32%3A%22GQYYFTFb83dxOPghYYyUz4L3yHe8FWFr%22%3B%7D; PHPSESSID=19b5698e2c00160232d1c24abefd5050; _csrf-backend=2fb1f6885e9d449d19719c7e37f48a13c11784afa615461fbc823339ade3e54fa%3A2%3A%7Bi%3A0%3Bs%3A13%3A%22_csrf-backend%22%3Bi%3A1%3Bs%3A32%3A%22J2m0M-5RZ7og9gLyfyMAMF8Tn3sS2cjt%22%3B%7D'
    'PATH' => 'C:\\Program Files (x86)\\VMware\\VMware Workstation\\bin\\;C:\\Program Files (x86)\\Common Files\\Oracle\\Java\\java8path;C:\\Program Files (x86)\\Common Files\\Oracle\\Java\\javapath;C:\\WINDOWS\\system32;C:\\WINDOWS;C:\\WINDOWS\\System32\\Wbem;C:\\WINDOWS\\System32\\WindowsPowerShell\\v1.0\\;C:\\WINDOWS\\System32\\OpenSSH\\;C:\\Program Files\\dotnet\\;C:\\Program Files\\Git\\cmd;C:\\Program Files\\nodejs\\;C:\\wamp64\\bin\\php\\php8.1.31;C:\\Program Files\\Microsoft SQL Server\\150\\Tools\\Binn\\;C:\\Program Files\\Microsoft SQL Server\\Client SDK\\ODBC\\170\\Tools\\Binn\\;C:\\Program Files (x86)\\Windows Kits\\10\\Windows Performance Toolkit\\;C:\\Program Files (x86)\\dotnet\\;C:\\ProgramData\\ComposerSetup\\bin;C:\\TDM-GCC-64\\bin;C:\\WINDOWS\\system32\\config\\systemprofile\\AppData\\Local\\Microsoft\\WindowsApps'
    'SystemRoot' => 'C:\\WINDOWS'
    'COMSPEC' => 'C:\\WINDOWS\\system32\\cmd.exe'
    'PATHEXT' => '.COM;.EXE;.BAT;.CMD;.VBS;.VBE;.JS;.JSE;.WSF;.WSH;.MSC'
    'WINDIR' => 'C:\\WINDOWS'
    'SERVER_SIGNATURE' => '<address>Apache/2.4.62 (Win64) PHP/8.4.13 mod_fcgid/2.3.10-dev Server at localhost Port 80</address>
'
    'SERVER_SOFTWARE' => 'Apache/2.4.62 (Win64) PHP/8.4.13 mod_fcgid/2.3.10-dev'
    'SERVER_NAME' => 'localhost'
    'SERVER_ADDR' => '::1'
    'SERVER_PORT' => '80'
    'REMOTE_ADDR' => '::1'
    'DOCUMENT_ROOT' => 'C:/wamp64/www'
    'REQUEST_SCHEME' => 'http'
    'CONTEXT_PREFIX' => ''
    'CONTEXT_DOCUMENT_ROOT' => 'C:/wamp64/www'
    'SERVER_ADMIN' => 'wampserver@wampserver.invalid'
    'SCRIPT_FILENAME' => 'C:/wamp64/www/projeto/backend/web/index.php'
    'REMOTE_PORT' => '65256'
    'REDIRECT_URL' => '/projeto/backend/web/site/register.html'
    'GATEWAY_INTERFACE' => 'CGI/1.1'
    'SERVER_PROTOCOL' => 'HTTP/1.1'
    'REQUEST_METHOD' => 'GET'
    'QUERY_STRING' => ''
    'REQUEST_URI' => '/projeto/backend/web/site/register.html'
    'SCRIPT_NAME' => '/projeto/backend/web/index.php'
    'PHP_SELF' => '/projeto/backend/web/index.php'
    'REQUEST_TIME_FLOAT' => 1762265091.8062
    'REQUEST_TIME' => 1762265091
]
